Using pre-set license
Built from '2020.3/china_unity/release' branch; Version is '2020.3.7f1c1 (98d1c84f5ffb) revision 10015176'; Using compiler version '192528614'; Build Type 'Release'
OS: 'Windows 10 Pro; OS build 19042.928; Version 2009; 64bit' Language: 'zh' Physical Memory: 16343 MB
BatchMode: 1, IsHumanControllingUs: 0, StartBugReporterOnCrash: 0, Is64bit: 1, IsPro: 0

 COMMAND LINE ARGUMENTS:
C:\Program Files\Unity\Hub\Editor\2020.3.7f1c1\Editor\Unity.exe
-adb2
-batchMode
-noUpm
-name
AssetImportWorker0
-projectPath
D:/TestProjects/JYLGame
-logFile
Logs/AssetImportWorker0.log
-srvPort
51886
Successfully changed project path to: D:/TestProjects/JYLGame
D:/TestProjects/JYLGame
Using Asset Import Pipeline V2.
Refreshing native plugins compatible for Editor in 31.63 ms, found 0 plugins.
Preloading 0 native plugins for Editor in 0.00 ms.
Initialize engine version: 2020.3.7f1c1 (98d1c84f5ffb)
[Subsystems] Discovering subsystems at path C:/Program Files/Unity/Hub/Editor/2020.3.7f1c1/Editor/Data/Resources/UnitySubsystems
[Subsystems] Discovering subsystems at path D:/TestProjects/JYLGame/Assets
GfxDevice: creating device client; threaded=0
Direct3D:
    Version:  Direct3D 11.0 [level 11.0]
    Renderer: NVIDIA GeForce GTX 750 Ti (ID=0x1380)
    Vendor:   
    VRAM:     2007 MB
    Driver:   27.21.14.5671
Initialize mono
Mono path[0] = 'C:/Program Files/Unity/Hub/Editor/2020.3.7f1c1/Editor/Data/Managed'
Mono path[1] = 'C:/Program Files/Unity/Hub/Editor/2020.3.7f1c1/Editor/Data/MonoBleedingEdge/lib/mono/unityjit'
Mono config path = 'C:/Program Files/Unity/Hub/Editor/2020.3.7f1c1/Editor/Data/MonoBleedingEdge/etc'
Using monoOptions --debugger-agent=transport=dt_socket,embedding=1,server=y,suspend=n,address=127.0.0.1:56696
Begin MonoManager ReloadAssembly
Registering precompiled unity dll's ...
Register platform support module: C:/Program Files/Unity/Hub/Editor/2020.3.7f1c1/Editor/Data/PlaybackEngines/WindowsStandaloneSupport/UnityEditor.WindowsStandalone.Extensions.dll
Registered in 0.004738 seconds.
Native extension for WindowsStandalone target not found
Refreshing native plugins compatible for Editor in 31.38 ms, found 0 plugins.
Preloading 0 native plugins for Editor in 0.00 ms.
Mono: successfully reloaded assembly
- Completed reload, in  1.026 seconds
Platform modules already initialized, skipping
Registering precompiled user dll's ...
Registered in 0.003939 seconds.
Begin MonoManager ReloadAssembly
Native extension for WindowsStandalone target not found
Refreshing native plugins compatible for Editor in 0.33 ms, found 0 plugins.
Preloading 0 native plugins for Editor in 0.00 ms.
Mono: successfully reloaded assembly
- Completed reload, in  1.112 seconds
Platform modules already initialized, skipping
========================================================================
Worker process is ready to serve import requests
Launched and connected shader compiler UnityShaderCompiler.exe after 0.06 seconds
Refreshing native plugins compatible for Editor in 0.30 ms, found 0 plugins.
Preloading 0 native plugins for Editor in 0.00 ms.
Unloading 1406 Unused Serialized files (Serialized files now loaded: 0)
System memory in use before: 70.2 MB.
System memory in use after: 70.2 MB.

Unloading 15 unused Assets to reduce memory usage. Loaded Objects now: 1849.
Total: 1.972600 ms (FindLiveObjects: 0.194200 ms CreateObjectMapping: 0.074800 ms MarkObjects: 1.588300 ms  DeleteObjects: 0.114000 ms)

========================================================================
Received Import Request.
  path: Assets/Script/Main/ArmAttribute.cs
  artifactKey: Guid(b9d87b2b3a670a947810e74b5f60ba30) Importer(815301076,1909f56bfc062723c751e8b465ee728b)
Start importing Assets/Script/Main/ArmAttribute.cs using Guid(b9d87b2b3a670a947810e74b5f60ba30) Importer(815301076,1909f56bfc062723c751e8b465ee728b)  -> (artifact id: '260e51dfe92efbf60687cdfa6522b079') in 0.049982 seconds
  Import took 0.052492 seconds .

========================================================================
Received Prepare
Refreshing native plugins compatible for Editor in 3.25 ms, found 0 plugins.
Preloading 0 native plugins for Editor in 0.00 ms.
Unloading 8 Unused Serialized files (Serialized files now loaded: 0)
System memory in use before: 42.3 MB.
System memory in use after: 42.4 MB.

Unloading 8 unused Assets to reduce memory usage. Loaded Objects now: 1849.
Total: 3.585400 ms (FindLiveObjects: 0.319300 ms CreateObjectMapping: 0.105500 ms MarkObjects: 3.137000 ms  DeleteObjects: 0.021300 ms)

========================================================================
Received Import Request.
  Time since last request: 20.719281 seconds.
  path: Assets/Script/Main/PlayerAttribute.cs
  artifactKey: Guid(2f6fd58b2d8edad4a9b9d05451c089d9) Importer(815301076,1909f56bfc062723c751e8b465ee728b)
Start importing Assets/Script/Main/PlayerAttribute.cs using Guid(2f6fd58b2d8edad4a9b9d05451c089d9) Importer(815301076,1909f56bfc062723c751e8b465ee728b)  -> (artifact id: 'ef70712ace3f09a4bb7a11e7125ec315') in 0.010261 seconds
  Import took 0.013206 seconds .

========================================================================
Received Import Request.
  Time since last request: 0.004210 seconds.
  path: Assets/Script/Main/PlayerAttribute.cs
  artifactKey: Guid(2f6fd58b2d8edad4a9b9d05451c089d9) Importer(815301076,1909f56bfc062723c751e8b465ee728b)
Start importing Assets/Script/Main/PlayerAttribute.cs using Guid(2f6fd58b2d8edad4a9b9d05451c089d9) Importer(815301076,1909f56bfc062723c751e8b465ee728b)  -> (artifact id: 'ef70712ace3f09a4bb7a11e7125ec315') in 0.002781 seconds
  Import took 0.005095 seconds .

========================================================================
Received Import Request.
  Time since last request: 3.337039 seconds.
  path: Assets/Script/Main/PlayerAttack.cs
  artifactKey: Guid(ce69813b74a52ad4a869892cc7e90d10) Importer(815301076,1909f56bfc062723c751e8b465ee728b)
Start importing Assets/Script/Main/PlayerAttack.cs using Guid(ce69813b74a52ad4a869892cc7e90d10) Importer(815301076,1909f56bfc062723c751e8b465ee728b)  -> (artifact id: 'edcdf81ca6abc1f9110268bbf9ecddb5') in 0.002611 seconds
  Import took 0.005669 seconds .

========================================================================
Received Import Request.
  Time since last request: 0.002195 seconds.
  path: Assets/Script/Main/PlayerAttack.cs
  artifactKey: Guid(ce69813b74a52ad4a869892cc7e90d10) Importer(815301076,1909f56bfc062723c751e8b465ee728b)
Start importing Assets/Script/Main/PlayerAttack.cs using Guid(ce69813b74a52ad4a869892cc7e90d10) Importer(815301076,1909f56bfc062723c751e8b465ee728b)  -> (artifact id: 'edcdf81ca6abc1f9110268bbf9ecddb5') in 0.001939 seconds
  Import took 0.004239 seconds .

========================================================================
Received Import Request.
  Time since last request: 391.477169 seconds.
  path: Assets/Script/Main/KillSpider.cs
  artifactKey: Guid(0d4e9e5f52530654cbc266519a36116e) Importer(815301076,1909f56bfc062723c751e8b465ee728b)
Start importing Assets/Script/Main/KillSpider.cs using Guid(0d4e9e5f52530654cbc266519a36116e) Importer(815301076,1909f56bfc062723c751e8b465ee728b)  -> (artifact id: '88176908282c9f369fc8dc1fe2dbbaa4') in 0.003086 seconds
  Import took 0.005760 seconds .

========================================================================
Received Import Request.
  Time since last request: 0.002865 seconds.
  path: Assets/Script/Main/KillSpider.cs
  artifactKey: Guid(0d4e9e5f52530654cbc266519a36116e) Importer(815301076,1909f56bfc062723c751e8b465ee728b)
Start importing Assets/Script/Main/KillSpider.cs using Guid(0d4e9e5f52530654cbc266519a36116e) Importer(815301076,1909f56bfc062723c751e8b465ee728b)  -> (artifact id: '88176908282c9f369fc8dc1fe2dbbaa4') in 0.002894 seconds
  Import took 0.005651 seconds .

========================================================================
Received Import Request.
  Time since last request: 260.323082 seconds.
  path: Assets/Script/Main/CameraHeight.cs
  artifactKey: Guid(1ac4f0c914bb7144b882ffd1a5dae9fb) Importer(815301076,1909f56bfc062723c751e8b465ee728b)
Start importing Assets/Script/Main/CameraHeight.cs using Guid(1ac4f0c914bb7144b882ffd1a5dae9fb) Importer(815301076,1909f56bfc062723c751e8b465ee728b)  -> (artifact id: 'ee15e25160b7b37496154a05e67ab783') in 0.002809 seconds
  Import took 0.005644 seconds .

========================================================================
Received Import Request.
  Time since last request: 0.002003 seconds.
  path: Assets/Script/Main/CameraHeight.cs
  artifactKey: Guid(1ac4f0c914bb7144b882ffd1a5dae9fb) Importer(815301076,1909f56bfc062723c751e8b465ee728b)
Start importing Assets/Script/Main/CameraHeight.cs using Guid(1ac4f0c914bb7144b882ffd1a5dae9fb) Importer(815301076,1909f56bfc062723c751e8b465ee728b)  -> (artifact id: 'ee15e25160b7b37496154a05e67ab783') in 0.002332 seconds
  Import took 0.004635 seconds .

AssetImportWorkerClient::OnTransportError - code=2 error=End of file
